[INFO] Scanning for projects...
[INFO] 
[INFO] --------------------< cs.msu.edu:CSCI_440_Project >---------------------
[INFO] Building CSCI_440_Project 1.0-SNAPSHOT
[INFO]   from pom.xml
[INFO] --------------------------------[ jar ]---------------------------------
[INFO] 
[INFO] --- resources:3.3.1:resources (default-resources) @ CSCI_440_Project ---
[WARNING] Using platform encoding (UTF-8 actually) to copy filtered resources, i.e. build is platform dependent!
[INFO] Copying 33 resources from src/main/resources to target/classes
[INFO] 
[INFO] --- compiler:3.1:compile (default-compile) @ CSCI_440_Project ---
[INFO] Nothing to compile - all classes are up to date
[INFO] 
[INFO] --- resources:3.3.1:testResources (default-testResources) @ CSCI_440_Project ---
[WARNING] Using platform encoding (UTF-8 actually) to copy filtered resources, i.e. build is platform dependent!
[INFO] Copying 3 resources from src/test/resources to target/test-classes
[INFO] 
[INFO] --- compiler:3.1:testCompile (default-testCompile) @ CSCI_440_Project ---
[INFO] Nothing to compile - all classes are up to date
[INFO] 
[INFO] --- surefire:2.22.1:test (default-test) @ CSCI_440_Project ---
[INFO] 
[INFO] -------------------------------------------------------
[INFO]  T E S T S
[INFO] -------------------------------------------------------
[INFO] Running edu.montana.csci.csci440.model.InvoicesTest
Resetting DB After Test...
Resetting DB After Test...
Resetting DB After Test...
[ERROR] Tests run: 3, Failures: 3, Errors: 0, Skipped: 0, Time elapsed: 0.062 s <<< FAILURE! - in edu.montana.csci.csci440.model.InvoicesTest
[ERROR] testInvoiceFieldsLoad  Time elapsed: 0.05 s  <<< FAILURE!
org.opentest4j.AssertionFailedError: expected: <Theodor-Heuss-StraÃŸe 34> but was: <null>
	at edu.montana.csci.csci440.model.InvoicesTest.testInvoiceFieldsLoad(InvoicesTest.java:21)

[ERROR] testAllLoadsAllInvoices  Time elapsed: 0.003 s  <<< FAILURE!
org.opentest4j.AssertionFailedError: expected: <412> but was: <0>
	at edu.montana.csci.csci440.model.InvoicesTest.testAllLoadsAllInvoices(InvoicesTest.java:15)

[ERROR] testPagingWorks  Time elapsed: 0.002 s  <<< FAILURE!
org.opentest4j.AssertionFailedError: expected: <5> but was: <0>
	at edu.montana.csci.csci440.model.InvoicesTest.testPagingWorks(InvoicesTest.java:27)

[INFO] Running edu.montana.csci.csci440.model.TrackTest
Resetting DB After Test...
Resetting DB After Test...
Resetting DB After Test...
Resetting DB After Test...
Resetting DB After Test...
Resetting DB After Test...
Resetting DB After Test...
Resetting DB After Test...
Resetting DB After Test...
Resetting DB After Test...
Resetting DB After Test...
Resetting DB After Test...
[ERROR] Tests run: 12, Failures: 5, Errors: 7, Skipped: 0, Time elapsed: 0.018 s <<< FAILURE! - in edu.montana.csci.csci440.model.TrackTest
[ERROR] testAlbumNameIsStoredOnTrack  Time elapsed: 0 s  <<< ERROR!
java.lang.NullPointerException: Cannot invoke "java.lang.Long.longValue()" because "this.albumId" is null
	at edu.montana.csci.csci440.model.TrackTest.testAlbumNameIsStoredOnTrack(TrackTest.java:94)

[ERROR] testOrderByWorks  Time elapsed: 0 s  <<< ERROR!
java.lang.IndexOutOfBoundsException: Index: 0
	at edu.montana.csci.csci440.model.TrackTest.testOrderByWorks(TrackTest.java:101)

[ERROR] testDeleteWorks  Time elapsed: 0 s  <<< ERROR!
java.lang.UnsupportedOperationException: Needs to be implemented
	at edu.montana.csci.csci440.model.TrackTest.testDeleteWorks(TrackTest.java:50)

[ERROR] testTrackListsWorks  Time elapsed: 0.001 s  <<< FAILURE!
org.opentest4j.AssertionFailedError: expected: <3> but was: <0>
	at edu.montana.csci.csci440.model.TrackTest.testTrackListsWorks(TrackTest.java:108)

[ERROR] testAllLoadsAllAlbums  Time elapsed: 0.005 s  <<< FAILURE!
org.opentest4j.AssertionFailedError: expected: <3503> but was: <0>
	at edu.montana.csci.csci440.model.TrackTest.testAllLoadsAllAlbums(TrackTest.java:16)

[ERROR] testUpdateWorks  Time elapsed: 0.001 s  <<< ERROR!
java.lang.UnsupportedOperationException: Needs to be implemented
	at edu.montana.csci.csci440.model.TrackTest.testUpdateWorks(TrackTest.java:77)

[ERROR] testCreateWorks  Time elapsed: 0.001 s  <<< ERROR!
java.lang.UnsupportedOperationException: Needs to be implemented
	at edu.montana.csci.csci440.model.TrackTest.testCreateWorks(TrackTest.java:36)

[ERROR] advancedSearchTest  Time elapsed: 0.001 s  <<< FAILURE!
org.opentest4j.AssertionFailedError: expected: <18> but was: <0>
	at edu.montana.csci.csci440.model.TrackTest.advancedSearchTest(TrackTest.java:136)

[ERROR] testValidationWorks  Time elapsed: 0.001 s  <<< ERROR!
java.lang.UnsupportedOperationException: Needs to be implemented
	at edu.montana.csci.csci440.model.TrackTest.testValidationWorks(TrackTest.java:61)

[ERROR] trackCountIsCachedInRedis  Time elapsed: 0.002 s  <<< FAILURE!
org.opentest4j.AssertionFailedError: expected: <1> but was: <0>
	at edu.montana.csci.csci440.model.TrackTest.trackCountIsCachedInRedis(TrackTest.java:116)

[ERROR] testPagingWorks  Time elapsed: 0.002 s  <<< FAILURE!
org.opentest4j.AssertionFailedError: expected: <1000> but was: <0>
	at edu.montana.csci.csci440.model.TrackTest.testPagingWorks(TrackTest.java:21)

[ERROR] testArtistNameIsStoredOnTrack  Time elapsed: 0.001 s  <<< ERROR!
java.lang.NullPointerException: Cannot invoke "java.lang.Long.longValue()" because "this.albumId" is null
	at edu.montana.csci.csci440.model.TrackTest.testArtistNameIsStoredOnTrack(TrackTest.java:85)

[INFO] Running edu.montana.csci.csci440.model.PlaylistsTest
Resetting DB After Test...
Resetting DB After Test...
Resetting DB After Test...
[ERROR] Tests run: 3, Failures: 3, Errors: 0, Skipped: 0, Time elapsed: 0.004 s <<< FAILURE! - in edu.montana.csci.csci440.model.PlaylistsTest
[ERROR] testAllLoadsAllPlaylists  Time elapsed: 0 s  <<< FAILURE!
org.opentest4j.AssertionFailedError: expected: <18> but was: <0>
	at edu.montana.csci.csci440.model.PlaylistsTest.testAllLoadsAllPlaylists(PlaylistsTest.java:15)

[ERROR] testPlaylistFieldsLoad  Time elapsed: 0.002 s  <<< FAILURE!
org.opentest4j.AssertionFailedError: expected: <TV Shows> but was: <null>
	at edu.montana.csci.csci440.model.PlaylistsTest.testPlaylistFieldsLoad(PlaylistsTest.java:21)

[ERROR] testPagingWorks  Time elapsed: 0.002 s  <<< FAILURE!
org.opentest4j.AssertionFailedError: expected: <5> but was: <0>
	at edu.montana.csci.csci440.model.PlaylistsTest.testPagingWorks(PlaylistsTest.java:28)

[INFO] Running edu.montana.csci.csci440.model.AlbumTest
Resetting DB After Test...
Resetting DB After Test...
Resetting DB After Test...
Resetting DB After Test...
Resetting DB After Test...
[ERROR] Tests run: 5, Failures: 2, Errors: 3, Skipped: 0, Time elapsed: 0.027 s <<< FAILURE! - in edu.montana.csci.csci440.model.AlbumTest
[ERROR] testAllLoadsAllAlbums  Time elapsed: 0 s  <<< FAILURE!
org.opentest4j.AssertionFailedError: expected: <347> but was: <0>
	at edu.montana.csci.csci440.model.AlbumTest.testAllLoadsAllAlbums(AlbumTest.java:15)

[ERROR] testUpdateWorks  Time elapsed: 0.012 s  <<< ERROR!
java.lang.UnsupportedOperationException: Needs to be implemented
	at edu.montana.csci.csci440.model.AlbumTest.testUpdateWorks(AlbumTest.java:60)

[ERROR] testCreateWorks  Time elapsed: 0.002 s  <<< ERROR!
java.lang.UnsupportedOperationException: Needs to be implemented
	at edu.montana.csci.csci440.model.AlbumTest.testCreateWorks(AlbumTest.java:35)

[ERROR] testValidationWorks  Time elapsed: 0.011 s  <<< ERROR!
java.lang.UnsupportedOperationException: Needs to be implemented
	at edu.montana.csci.csci440.model.AlbumTest.testValidationWorks(AlbumTest.java:45)

[ERROR] testPagingWorks  Time elapsed: 0.002 s  <<< FAILURE!
org.opentest4j.AssertionFailedError: expected: <100> but was: <0>
	at edu.montana.csci.csci440.model.AlbumTest.testPagingWorks(AlbumTest.java:20)

[INFO] Running edu.montana.csci.csci440.model.EmployeeTest
Resetting DB After Test...
Resetting DB After Test...
Resetting DB After Test...
Resetting DB After Test...
Resetting DB After Test...
Resetting DB After Test...
Resetting DB After Test...
[ERROR] Tests run: 7, Failures: 4, Errors: 2, Skipped: 0, Time elapsed: 0.175 s <<< FAILURE! - in edu.montana.csci.csci440.model.EmployeeTest
[ERROR] testUpdateWorks  Time elapsed: 0.001 s  <<< ERROR!
java.lang.UnsupportedOperationException: Implement me
	at edu.montana.csci.csci440.model.EmployeeTest.testUpdateWorks(EmployeeTest.java:79)

[ERROR] testCreateWorks  Time elapsed: 0.163 s  <<< FAILURE!
org.opentest4j.AssertionFailedError: expected: <edu.montana.csci.csci440.model.Employee@34e63b41> but was: <null>
	at edu.montana.csci.csci440.model.EmployeeTest.testCreateWorks(EmployeeTest.java:46)

[ERROR] testValidationWorks  Time elapsed: 0.001 s  <<< FAILURE!
org.opentest4j.AssertionFailedError: expected: <3> but was: <1>
	at edu.montana.csci.csci440.model.EmployeeTest.testValidationWorks(EmployeeTest.java:54)

[ERROR] testAllLoadsAllEmployees  Time elapsed: 0.001 s  <<< FAILURE!
org.opentest4j.AssertionFailedError: expected: <8> but was: <0>
	at edu.montana.csci.csci440.model.EmployeeTest.testAllLoadsAllEmployees(EmployeeTest.java:19)

[ERROR] testPagingWorks  Time elapsed: 0.001 s  <<< FAILURE!
org.opentest4j.AssertionFailedError: expected: <2> but was: <0>
	at edu.montana.csci.csci440.model.EmployeeTest.testPagingWorks(EmployeeTest.java:24)

[ERROR] testEmployeeSalesReport  Time elapsed: 0.001 s  <<< ERROR!
java.lang.IndexOutOfBoundsException: Index: 0
	at edu.montana.csci.csci440.model.EmployeeTest.testEmployeeSalesReport(EmployeeTest.java:94)

[INFO] Running edu.montana.csci.csci440.model.ArtistTest
Resetting DB After Test...
Resetting DB After Test...
Resetting DB After Test...
Resetting DB After Test...
Resetting DB After Test...
Resetting DB After Test...
[ERROR] Tests run: 6, Failures: 2, Errors: 4, Skipped: 0, Time elapsed: 0.005 s <<< FAILURE! - in edu.montana.csci.csci440.model.ArtistTest
[ERROR] testUpdateWorks  Time elapsed: 0 s  <<< ERROR!
java.lang.UnsupportedOperationException: Needs to be implemented
	at edu.montana.csci.csci440.model.ArtistTest.testUpdateWorks(ArtistTest.java:75)

[ERROR] testCreateWorks  Time elapsed: 0.001 s  <<< ERROR!
java.lang.UnsupportedOperationException: Needs to be implemented
	at edu.montana.csci.csci440.model.ArtistTest.testCreateWorks(ArtistTest.java:34)

[ERROR] testAllLoadsAllArtists  Time elapsed: 0.001 s  <<< FAILURE!
org.opentest4j.AssertionFailedError: expected: <275> but was: <0>
	at edu.montana.csci.csci440.model.ArtistTest.testAllLoadsAllArtists(ArtistTest.java:15)

[ERROR] testValidationWorks  Time elapsed: 0.001 s  <<< ERROR!
java.lang.UnsupportedOperationException: Needs to be implemented
	at edu.montana.csci.csci440.model.ArtistTest.testValidationWorks(ArtistTest.java:61)

[ERROR] testPagingWorks  Time elapsed: 0.001 s  <<< FAILURE!
org.opentest4j.AssertionFailedError: expected: <100> but was: <0>
	at edu.montana.csci.csci440.model.ArtistTest.testPagingWorks(ArtistTest.java:20)

[ERROR] testOptimisticConcurrencyIsImplemented  Time elapsed: 0.001 s  <<< ERROR!
java.lang.UnsupportedOperationException: Needs to be implemented
	at edu.montana.csci.csci440.model.ArtistTest.testOptimisticConcurrencyIsImplemented(ArtistTest.java:49)

[INFO] Running edu.montana.csci.csci440.model.CustomerTest
Resetting DB After Test...
Resetting DB After Test...
Resetting DB After Test...
[ERROR] Tests run: 3, Failures: 3, Errors: 0, Skipped: 0, Time elapsed: 0.015 s <<< FAILURE! - in edu.montana.csci.csci440.model.CustomerTest
[ERROR] testAllLoadsAllCustomers  Time elapsed: 0 s  <<< FAILURE!
org.opentest4j.AssertionFailedError: expected: <59> but was: <0>
	at edu.montana.csci.csci440.model.CustomerTest.testAllLoadsAllCustomers(CustomerTest.java:15)

[ERROR] testCustomerFieldsLoad  Time elapsed: 0.001 s  <<< FAILURE!
org.opentest4j.AssertionFailedError: expected: <luisg@embraer.com.br> but was: <null>
	at edu.montana.csci.csci440.model.CustomerTest.testCustomerFieldsLoad(CustomerTest.java:21)

[ERROR] testPagingWorks  Time elapsed: 0.013 s  <<< FAILURE!
org.opentest4j.AssertionFailedError: expected: <25> but was: <0>
	at edu.montana.csci.csci440.model.CustomerTest.testPagingWorks(CustomerTest.java:26)

[INFO] 
[INFO] Results:
[INFO] 
[ERROR] Failures: 
[ERROR]   AlbumTest.testAllLoadsAllAlbums:15 expected: <347> but was: <0>
[ERROR]   AlbumTest.testPagingWorks:20 expected: <100> but was: <0>
[ERROR]   ArtistTest.testAllLoadsAllArtists:15 expected: <275> but was: <0>
[ERROR]   ArtistTest.testPagingWorks:20 expected: <100> but was: <0>
[ERROR]   CustomerTest.testAllLoadsAllCustomers:15 expected: <59> but was: <0>
[ERROR]   CustomerTest.testCustomerFieldsLoad:21 expected: <luisg@embraer.com.br> but was: <null>
[ERROR]   CustomerTest.testPagingWorks:26 expected: <25> but was: <0>
[ERROR]   EmployeeTest.testAllLoadsAllEmployees:19 expected: <8> but was: <0>
[ERROR]   EmployeeTest.testCreateWorks:46 expected: <edu.montana.csci.csci440.model.Employee@34e63b41> but was: <null>
[ERROR]   EmployeeTest.testPagingWorks:24 expected: <2> but was: <0>
[ERROR]   EmployeeTest.testValidationWorks:54 expected: <3> but was: <1>
[ERROR]   InvoicesTest.testAllLoadsAllInvoices:15 expected: <412> but was: <0>
[ERROR]   InvoicesTest.testInvoiceFieldsLoad:21 expected: <Theodor-Heuss-StraÃŸe 34> but was: <null>
[ERROR]   InvoicesTest.testPagingWorks:27 expected: <5> but was: <0>
[ERROR]   PlaylistsTest.testAllLoadsAllPlaylists:15 expected: <18> but was: <0>
[ERROR]   PlaylistsTest.testPagingWorks:28 expected: <5> but was: <0>
[ERROR]   PlaylistsTest.testPlaylistFieldsLoad:21 expected: <TV Shows> but was: <null>
[ERROR]   TrackTest.advancedSearchTest:136 expected: <18> but was: <0>
[ERROR]   TrackTest.testAllLoadsAllAlbums:16 expected: <3503> but was: <0>
[ERROR]   TrackTest.testPagingWorks:21 expected: <1000> but was: <0>
[ERROR]   TrackTest.testTrackListsWorks:108 expected: <3> but was: <0>
[ERROR]   TrackTest.trackCountIsCachedInRedis:116 expected: <1> but was: <0>
[ERROR] Errors: 
[ERROR]   AlbumTest.testCreateWorks:35 Â» UnsupportedOperation Needs to be implemented
[ERROR]   AlbumTest.testUpdateWorks:60 Â» UnsupportedOperation Needs to be implemented
[ERROR]   AlbumTest.testValidationWorks:45 Â» UnsupportedOperation Needs to be implemente...
[ERROR]   ArtistTest.testCreateWorks:34 Â» UnsupportedOperation Needs to be implemented
[ERROR]   ArtistTest.testOptimisticConcurrencyIsImplemented:49 Â» UnsupportedOperation Ne...
[ERROR]   ArtistTest.testUpdateWorks:75 Â» UnsupportedOperation Needs to be implemented
[ERROR]   ArtistTest.testValidationWorks:61 Â» UnsupportedOperation Needs to be implement...
[ERROR]   EmployeeTest.testEmployeeSalesReport:94 Â» IndexOutOfBounds Index: 0
[ERROR]   EmployeeTest.testUpdateWorks:79 Â» UnsupportedOperation Implement me
[ERROR]   TrackTest.testAlbumNameIsStoredOnTrack:94 Â» NullPointer Cannot invoke "java.la...
[ERROR]   TrackTest.testArtistNameIsStoredOnTrack:85 Â» NullPointer Cannot invoke "java.l...
[ERROR]   TrackTest.testCreateWorks:36 Â» UnsupportedOperation Needs to be implemented
[ERROR]   TrackTest.testDeleteWorks:50 Â» UnsupportedOperation Needs to be implemented
[ERROR]   TrackTest.testOrderByWorks:101 Â» IndexOutOfBounds Index: 0
[ERROR]   TrackTest.testUpdateWorks:77 Â» UnsupportedOperation Needs to be implemented
[ERROR]   TrackTest.testValidationWorks:61 Â» UnsupportedOperation Needs to be implemente...
[INFO] 
[ERROR] Tests run: 39, Failures: 22, Errors: 16, Skipped: 0
[INFO] 
[INFO] ------------------------------------------------------------------------
[INFO] BUILD FAILURE
[INFO] ------------------------------------------------------------------------
[INFO] Total time:  1.586 s
[INFO] Finished at: 2023-11-30T11:18:26-07:00
[INFO] ------------------------------------------------------------------------
[ERROR] Failed to execute goal org.apache.maven.plugins:maven-surefire-plugin:2.22.1:test (default-test) on project CSCI_440_Project: There are test failures.
[ERROR] 
[ERROR] Please refer to /Users/carson/Projects/msu/csci-440-fall2023/grading/scripts/repos/jameson_macmillan/target/surefire-reports for the individual test results.
[ERROR] Please refer to dump files (if any exist) [date].dump, [date]-jvmRun[N].dump and [date].dumpstream.
[ERROR] -> [Help 1]
[ERROR] 
[ERROR] To see the full stack trace of the errors, re-run Maven with the -e switch.
[ERROR] Re-run Maven using the -X switch to enable full debug logging.
[ERROR] 
[ERROR] For more information about the errors and possible solutions, please read the following articles:
[ERROR] [Help 1] http://cwiki.apache.org/confluence/display/MAVEN/MojoFailureException
